Arguments: 
  /usr/local/bin/node /usr/local/bin/yarn

PATH: 
  /Users/nattapat/Downloads/google-cloud-sdk/bin:/Library/Frameworks/Python.framework/Versions/2.7/bin:/usr/local/bin:/usr/bin:/bin:/usr/sbin:/sbin:/usr/local/go/bin:/Library/Apple/usr/bin:/Users/nattapat/.cargo/bin:/Users/nattapat/.fig/bin:/Users/nattapat/.local/bin:/usr/local/go//bin:/Users/nattapat/go/bin

Yarn version: 
  1.22.19

Node version: 
  16.13.2

Platform: 
  darwin x64

Trace: 
  SyntaxError: /Users/nattapat/SCB10x/muddy-forest-x/packages/client/package.json: Unexpected token } in JSON at position 724
      at JSON.parse (<anonymous>)
      at /usr/local/lib/node_modules/yarn/lib/cli.js:1629:59
      at Generator.next (<anonymous>)
      at step (/usr/local/lib/node_modules/yarn/lib/cli.js:310:30)
      at /usr/local/lib/node_modules/yarn/lib/cli.js:321:13

npm manifest: 
  {
    "name": "client",
    "license": "MIT",
    "private": true,
    "version": "0.0.0",
    "type": "module",
    "scripts": {
      "dev": "vite",
      "build": "tsc && vite build",
      "preview": "vite preview"
    },
    "devDependencies": {
      "@tweakpane/core": "^1.1.1",
      "@types/react": "^18.0.26",
      "@types/react-dom": "^18.0.9",
      "@typescript-eslint/eslint-plugin": "^5.46.1",
      "@typescript-eslint/parser": "^5.46.1",
      "@vitejs/plugin-react-swc": "^3.0.0",
      "eslint": "^8.29.0",
      "eslint-plugin-react": "^7.31.11",
      "eslint-plugin-react-hooks": "^4.6.0",
      "typescript": "^4.6.4",
      "vite": "^4.0.0",
      "eslint-config-prettier": "^8.5.0",
      "prettier": "2.8.1",
      "postcss-windicss": "^1.0.0",
    },
    "dependencies": {
      "@improbable-eng/grpc-web": "^0.15.0",
      "@latticexyz/network": "^1.34.0",
      "@latticexyz/noise": "^1.34.0",
      "@latticexyz/recs": "^1.34.0",
      "@latticexyz/services": "^1.34.0",
      "@latticexyz/std-client": "^1.34.0",
      "async-mutex": "^0.4.0",
      "ethers": "^5.7.2",
      "mobx": "^6.7.0",
      "nice-grpc": "^2.0.1",
      "nice-grpc-web": "^2.0.1",
      "phaser": "^3.55.2",
      "proxy-deep": "^3.1.1",
      "react": "^18.2.0",
      "react-dom": "^18.2.0",
      "react-router-dom": "^6.8.0",
      "threads": "^1.7.0",
      "tweakpane": "^3.1.4",
      "windicss": "^3.5.6"
    }
  }

yarn manifest: 
  No manifest

Lockfile: 
  No lockfile
